#
# A fatal error has been detected by the Java Runtime Environment:
#
#  EXCEPTION_ACCESS_VIOLATION (0xc0000005) at pc=0x6d99a27e, pid=3340, tid=1108
#
# JRE version: 6.0_24-b07
# Java VM: Java HotSpot(TM) Client VM (19.1-b02 mixed mode windows-x86 )
# Problematic frame:
# V  [jvm.dll+0xfa27e]
#
# If you would like to submit a bug report, please visit:
#   http://java.sun.com/webapps/bugreport/crash.jsp
#

---------------  T H R E A D  ---------------

Current thread (0x16a1f400):  JavaThread "Java2D Disposer" daemon [_thread_in_vm, id=1108, stack(0x16f70000,0x16fc0000)]

siginfo: ExceptionCode=0xc0000005, reading address 0x00000000

Registers:
EAX=0x16a05190, EBX=0x00000000, ECX=0x00000000, EDX=0x16fbf8f0
ESP=0x16fbf8e0, EBP=0x16fbf974, ESI=0x16a1f400, EDI=0x16a428b0
EIP=0x6d99a27e, EFLAGS=0x00010202

Register to memory mapping:

EAX=0x16a05190
0x16a05190 is pointing to unknown location

EBX=0x00000000
0x00000000 is pointing to unknown location

ECX=0x00000000
0x00000000 is pointing to unknown location

EDX=0x16fbf8f0
0x16fbf8f0 is pointing into the stack for thread: 0x16a1f400
"Java2D Disposer" daemon prio=10 tid=0x16a1f400 nid=0x454 runnable [0x16fbf000]
   java.lang.Thread.State: RUNNABLE

ESP=0x16fbf8e0
0x16fbf8e0 is pointing into the stack for thread: 0x16a1f400
"Java2D Disposer" daemon prio=10 tid=0x16a1f400 nid=0x454 runnable [0x16fbf000]
   java.lang.Thread.State: RUNNABLE

EBP=0x16fbf974
0x16fbf974 is pointing into the stack for thread: 0x16a1f400
"Java2D Disposer" daemon prio=10 tid=0x16a1f400 nid=0x454 runnable [0x16fbf000]
   java.lang.Thread.State: RUNNABLE

ESI=0x16a1f400
"Java2D Disposer" daemon prio=10 tid=0x16a1f400 nid=0x454 runnable [0x16fbf000]
   java.lang.Thread.State: RUNNABLE

EDI=0x16a428b0
0x16a428b0 is pointing to unknown location


Top of Stack: (sp=0x16fbf8e0)
0x16fbf8e0:   16d44d74 16a1f518 16a1f400 00000000
0x16fbf8f0:   16a05190 00000000 7ffaf000 16fbf95c
0x16fbf900:   7c80262a 16fbf918 7c802600 16a5ea20
0x16fbf910:   7c800130 16a5ea00 00000014 16fbf8f0
0x16fbf920:   16fbf911 00000001 00000008 00360100
0x16fbf930:   ffffffff 16fbf944 00000000 7c920098
0x16fbf940:   16fbf970 6d8a1086 16a1f400 16a1fe58
0x16fbf950:   16a1f400 16a1f518 16fbf94c 169ef5c8 

Instructions: (pc=0x6d99a27e)
0x6d99a26e:   b0 8b 55 a8 8b 45 f4 89 04 8a ff 45 b0 8b 5d fc
0x6d99a27e:   8b 03 8b 48 08 0f b7 51 2a 8b 40 0c 8b 4c 90 24 


Stack: [0x16f70000,0x16fc0000],  sp=0x16fbf8e0,  free space=318k
Native frames: (J=compiled Java code, j=interpreted, Vv=VM code, C=native code)
V  [jvm.dll+0xfa27e]
V  [jvm.dll+0xfd0c7]
C  [awt.dll+0x6c7cc]
j  java.awt.Cursor.finalizeImpl(J)V+0
j  java.awt.Cursor.access$000(J)V+1
j  java.awt.Cursor$CursorDisposer.dispose()V+13
j  sun.java2d.Disposer.run()V+26
j  java.lang.Thread.run()V+11
v  ~StubRoutines::call_stub
V  [jvm.dll+0xf0ab9]
V  [jvm.dll+0x1837d1]
V  [jvm.dll+0xf0c61]
V  [jvm.dll+0xf0cbb]
V  [jvm.dll+0x11b4b9]
V  [jvm.dll+0x1e4624]
V  [jvm.dll+0x18317c]
C  [msvcr71.dll+0x9565]
C  [kernel32.dll+0xb713]

Java frames: (J=compiled Java code, j=interpreted, Vv=VM code)
j  java.awt.Cursor.finalizeImpl(J)V+0
j  java.awt.Cursor.access$000(J)V+1
j  java.awt.Cursor$CursorDisposer.dispose()V+13
j  sun.java2d.Disposer.run()V+26
j  java.lang.Thread.run()V+11
v  ~StubRoutines::call_stub

---------------  P R O C E S S  ---------------

Java Threads: ( => current thread )
  0x169ffc00 JavaThread "Thread-1" daemon [_thread_in_native, id=3960, stack(0x170f0000,0x17140000)]
  0x00366c00 JavaThread "DestroyJavaVM" [_thread_blocked, id=3140, stack(0x003a0000,0x003f0000)]
  0x16a48000 JavaThread "AWT-EventQueue-0" [_thread_blocked, id=3472, stack(0x170a0000,0x170f0000)]
  0x16d42400 JavaThread "AWT-Shutdown" [_thread_blocked, id=3380, stack(0x16fc0000,0x17010000)]
=>0x16a1f400 JavaThread "Java2D Disposer" daemon [_thread_in_vm, id=1108, stack(0x16f70000,0x16fc0000)]
  0x169f0400 JavaThread "Low Memory Detector" daemon [_thread_blocked, id=3628, stack(0x16c40000,0x16c90000)]
  0x169ea800 JavaThread "CompilerThread0" daemon [_thread_blocked, id=388, stack(0x16bf0000,0x16c40000)]
  0x169e8c00 JavaThread "Attach Listener" daemon [_thread_blocked, id=3208, stack(0x16ba0000,0x16bf0000)]
  0x169e7800 JavaThread "Signal Dispatcher" daemon [_thread_blocked, id=1632, stack(0x16b50000,0x16ba0000)]
  0x169d9c00 JavaThread "Finalizer" daemon [_thread_blocked, id=3508, stack(0x16b00000,0x16b50000)]
  0x169d5000 JavaThread "Reference Handler" daemon [_thread_blocked, id=4092, stack(0x16ab0000,0x16b00000)]

Other Threads:
  0x169d1400 VMThread [stack: 0x16a60000,0x16ab0000] [id=3744]
  0x169fb000 WatcherThread [stack: 0x16c90000,0x16ce0000] [id=516]

VM state:not at safepoint (normal execution)

VM Mutex/Monitor currently owned by a thread: None

Heap
 def new generation   total 5568K, used 91K [0x02a30000, 0x03030000, 0x07ed0000)
  eden space 4992K,   1% used [0x02a30000, 0x02a3d700, 0x02f10000)
  from space 576K,   6% used [0x02f10000, 0x02f19770, 0x02fa0000)
  to   space 576K,   0% used [0x02fa0000, 0x02fa0000, 0x03030000)
 tenured generation   total 12228K, used 9367K [0x07ed0000, 0x08ac1000, 0x12830000)
   the space 12228K,  76% used [0x07ed0000, 0x087f5f00, 0x087f6000, 0x08ac1000)
 compacting perm gen  total 12288K, used 9072K [0x12830000, 0x13430000, 0x16830000)
   the space 12288K,  73% used [0x12830000, 0x1310c008, 0x1310c200, 0x13430000)
No shared spaces configured.

Dynamic libraries:
0x00400000 - 0x00424000 	C:\Archivos de programa\Java\jdk1.6.0_24\bin\java.exe
0x7c910000 - 0x7c9c5000 	C:\WINDOWS\system32\ntdll.dll
0x7c800000 - 0x7c903000 	C:\WINDOWS\system32\kernel32.dll
0x77da0000 - 0x77e4c000 	C:\WINDOWS\system32\ADVAPI32.dll
0x77e50000 - 0x77ee2000 	C:\WINDOWS\system32\RPCRT4.dll
0x77fc0000 - 0x77fd1000 	C:\WINDOWS\system32\Secur32.dll
0x7c340000 - 0x7c396000 	C:\Archivos de programa\Java\jdk1.6.0_24\jre\bin\msvcr71.dll
0x6d8a0000 - 0x6db46000 	C:\Archivos de programa\Java\jdk1.6.0_24\jre\bin\client\jvm.dll
0x7e390000 - 0x7e421000 	C:\WINDOWS\system32\USER32.dll
0x77ef0000 - 0x77f39000 	C:\WINDOWS\system32\GDI32.dll
0x76b00000 - 0x76b2e000 	C:\WINDOWS\system32\WINMM.dll
0x6d850000 - 0x6d85c000 	C:\Archivos de programa\Java\jdk1.6.0_24\jre\bin\verify.dll
0x6d3d0000 - 0x6d3ef000 	C:\Archivos de programa\Java\jdk1.6.0_24\jre\bin\java.dll
0x6d330000 - 0x6d338000 	C:\Archivos de programa\Java\jdk1.6.0_24\jre\bin\hpi.dll
0x76bb0000 - 0x76bbb000 	C:\WINDOWS\system32\PSAPI.DLL
0x6d890000 - 0x6d89f000 	C:\Archivos de programa\Java\jdk1.6.0_24\jre\bin\zip.dll
0x6d0b0000 - 0x6d1fa000 	C:\Archivos de programa\Java\jdk1.6.0_24\jre\bin\awt.dll
0x72f80000 - 0x72fa6000 	C:\WINDOWS\system32\WINSPOOL.DRV
0x77be0000 - 0x77c38000 	C:\WINDOWS\system32\msvcrt.dll
0x76340000 - 0x7635d000 	C:\WINDOWS\system32\IMM32.dll
0x774b0000 - 0x775ed000 	C:\WINDOWS\system32\ole32.dll
0x773a0000 - 0x774a3000 	C:\WINDOWS\WinSxS\x86_Microsoft.Windows.Common-Controls_6595b64144ccf1df_6.0.2600.5512_x-ww_35d4ce83\COMCTL32.dll
0x77f40000 - 0x77fb6000 	C:\WINDOWS\system32\SHLWAPI.dll
0x5b150000 - 0x5b188000 	C:\WINDOWS\system32\uxtheme.dll
0x746b0000 - 0x746fc000 	C:\WINDOWS\system32\MSCTF.dll
0x6d2e0000 - 0x6d32f000 	C:\Archivos de programa\Java\jdk1.6.0_24\jre\bin\fontmanager.dll
0x7e6a0000 - 0x7eec1000 	C:\WINDOWS\system32\shell32.dll
0x6d6b0000 - 0x6d6c3000 	C:\Archivos de programa\Java\jdk1.6.0_24\jre\bin\net.dll
0x71a30000 - 0x71a47000 	C:\WINDOWS\system32\WS2_32.dll
0x71a20000 - 0x71a28000 	C:\WINDOWS\system32\WS2HELP.dll
0x6d6d0000 - 0x6d6d9000 	C:\Archivos de programa\Java\jdk1.6.0_24\jre\bin\nio.dll
0x770f0000 - 0x7717b000 	C:\WINDOWS\system32\OLEAUT32.DLL

VM Arguments:
jvm_args: -Dfile.encoding=UTF-8 
java_command: presentacion.Formulario
Launcher Type: SUN_STANDARD

Environment Variables:
JAVA_HOME=C:\Archivos de programa\Java\jdk1.6.0_24
PATH=C:\Archivos de programa\Embarcadero\RAD Studio\7.0\bin;C:\Documents and Settings\All Users\Documentos\RAD Studio\7.0\Bpl;C:\WINDOWS\system32;C:\WINDOWS;C:\WINDOWS\System32\Wbem;C:\Archivos de programa\Microsoft SQL Server\100\Tools\Binn\;C:\Archivos de programa\Microsoft SQL Server\100\DTS\Binn\;C:\Archivos de programa\Microsoft SQL Server\100\Tools\Binn\VSShell\Common7\IDE\;C:\Archivos de programa\Microsoft Visual Studio 9.0\Common7\IDE\PrivateAssemblies\;C:\WINDOWS\system32\WindowsPowerShell\v1.0
USERNAME=Administrador
OS=Windows_NT
PROCESSOR_IDENTIFIER=x86 Family 6 Model 15 Stepping 13, GenuineIntel



---------------  S Y S T E M  ---------------

OS: Windows XP Build 2600 Service Pack 3

CPU:total 2 (2 cores per cpu, 1 threads per core) family 6 model 15 stepping 13, cmov, cx8, fxsr, mmx, sse, sse2, sse3, ssse3

Memory: 4k page, physical 1039596k(130584k free), swap 2504524k(1501540k free)

vm_info: Java HotSpot(TM) Client VM (19.1-b02) for windows-x86 JRE (1.6.0_24-b07), built on Feb  2 2011 17:44:41 by "java_re" with MS VC++ 7.1 (VS2003)

time: Mon May 23 02:12:16 2011
elapsed time: 31 seconds

